Using pre-set license
Built from '2020.2/staging' branch; Version is '2020.2.7f1 (c53830e277f1) revision 12924976'; Using compiler version '192528614'; Build Type 'Release'
OS: 'Windows 10 Home; OS build 19041.1110; Version 2004; 64bit' Language: 'ru' Physical Memory: 8134 MB
BatchMode: 1, IsHumanControllingUs: 0, StartBugReporterOnCrash: 0, Is64bit: 1, IsPro: 0

 COMMAND LINE ARGUMENTS:
E:\UnityHub\Unity Version\2019.4.22f1\2020.2.7f1\Editor\Unity.exe
-adb2
-batchMode
-noUpm
-name
AssetImportWorker1
-projectPath
E:/Unity Hub/Projects/CSharpUnity/HomeWorkLesson1
-logFile
Logs/AssetImportWorker1.log
-srvPort
57696
Successfully changed project path to: E:/Unity Hub/Projects/CSharpUnity/HomeWorkLesson1
E:/Unity Hub/Projects/CSharpUnity/HomeWorkLesson1
Using Asset Import Pipeline V2.
Refreshing native plugins compatible for Editor in 234.17 ms, found 0 plugins.
Preloading 0 native plugins for Editor in 0.00 ms.
Initialize engine version: 2020.2.7f1 (c53830e277f1)
[Subsystems] Discovering subsystems at path E:/UnityHub/Unity Version/2019.4.22f1/2020.2.7f1/Editor/Data/Resources/UnitySubsystems
[Subsystems] Discovering subsystems at path E:/Unity Hub/Projects/CSharpUnity/HomeWorkLesson1/Assets
GfxDevice: creating device client; threaded=0
Direct3D:
    Version:  Direct3D 11.0 [level 11.0]
    Renderer: NVIDIA GeForce GTX 750 (ID=0x1381)
    Vendor:   
    VRAM:     984 MB
    Driver:   27.21.14.5671
Initialize mono
Mono path[0] = 'E:/UnityHub/Unity Version/2019.4.22f1/2020.2.7f1/Editor/Data/Managed'
Mono path[1] = 'E:/UnityHub/Unity Version/2019.4.22f1/2020.2.7f1/Editor/Data/MonoBleedingEdge/lib/mono/unityjit'
Mono config path = 'E:/UnityHub/Unity Version/2019.4.22f1/2020.2.7f1/Editor/Data/MonoBleedingEdge/etc'
Using monoOptions --debugger-agent=transport=dt_socket,embedding=1,server=y,suspend=n,address=127.0.0.1:56276
Begin MonoManager ReloadAssembly
Registering precompiled unity dll's ...
Register platform support module: E:/UnityHub/Unity Version/2019.4.22f1/2020.2.7f1/Editor/Data/PlaybackEngines/WindowsStandaloneSupport/UnityEditor.WindowsStandalone.Extensions.dll
Registered in 0.004442 seconds.
Native extension for WindowsStandalone target not found
Refreshing native plugins compatible for Editor in 43.17 ms, found 0 plugins.
Preloading 0 native plugins for Editor in 0.00 ms.
Invoked RoslynAnalysisRunner static constructor.
RoslynAnalysisRunner will not be running.
RoslynAnalysisRunner has terminated.
Mono: successfully reloaded assembly
- Completed reload, in  3.794 seconds
Platform modules already initialized, skipping
Registering precompiled user dll's ...
Registered in 0.004091 seconds.
Begin MonoManager ReloadAssembly
Native extension for WindowsStandalone target not found
Refreshing native plugins compatible for Editor in 0.33 ms, found 0 plugins.
Preloading 0 native plugins for Editor in 0.00 ms.
Invoked RoslynAnalysisRunner static constructor.
RoslynAnalysisRunner will not be running.
RoslynAnalysisRunner has terminated.
Mono: successfully reloaded assembly
- Completed reload, in  1.606 seconds
Platform modules already initialized, skipping
========================================================================
Worker process is ready to serve import requests
Launched and connected shader compiler UnityShaderCompiler.exe after 0.13 seconds
Refreshing native plugins compatible for Editor in 0.29 ms, found 0 plugins.
Preloading 0 native plugins for Editor in 0.00 ms.
Unloading 1129 Unused Serialized files (Serialized files now loaded: 0)
System memory in use before: 75.8 MB.
System memory in use after: 75.8 MB.

Unloading 10 unused Assets to reduce memory usage. Loaded Objects now: 1596.
Total: 2.378900 ms (FindLiveObjects: 0.172600 ms CreateObjectMapping: 0.061800 ms MarkObjects: 2.014800 ms  DeleteObjects: 0.126800 ms)

========================================================================
Received Import Request.
  path: Assets/Scripts/Test2.cs
  artifactKey: Guid(afcc62d23578bee4b94ef87139a6d25e) Importer(815301076,1909f56bfc062723c751e8b465ee728b)
Start importing Assets/Scripts/Test2.cs using Guid(afcc62d23578bee4b94ef87139a6d25e) Importer(815301076,1909f56bfc062723c751e8b465ee728b)  -> (artifact id: '9f393b2962c9745d2d729bf5b26739df') in 0.165742 seconds
  Import took 0.207110 seconds .

========================================================================
Received Prepare
Registering precompiled user dll's ...
Registered in 0.001327 seconds.
Begin MonoManager ReloadAssembly
Native extension for WindowsStandalone target not found
Refreshing native plugins compatible for Editor in 0.30 ms, found 0 plugins.
Preloading 0 native plugins for Editor in 0.00 ms.
Invoked RoslynAnalysisRunner static constructor.
RoslynAnalysisRunner will not be running.
RoslynAnalysisRunner has terminated.
Mono: successfully reloaded assembly
- Completed reload, in  2.152 seconds
Platform modules already initialized, skipping
Refreshing native plugins compatible for Editor in 0.32 ms, found 0 plugins.
Preloading 0 native plugins for Editor in 0.00 ms.
Unloading 1120 Unused Serialized files (Serialized files now loaded: 0)
System memory in use before: 75.4 MB.
System memory in use after: 75.5 MB.

Unloading 5 unused Assets to reduce memory usage. Loaded Objects now: 1599.
Total: 2.106300 ms (FindLiveObjects: 0.170700 ms CreateObjectMapping: 0.060000 ms MarkObjects: 1.782800 ms  DeleteObjects: 0.090700 ms)

========================================================================
Received Import Request.
  Time since last request: 480.752173 seconds.
  path: Assets/Textures
  artifactKey: Guid(5c0f41a2109fc414eb2a371420788b84) Importer(815301076,1909f56bfc062723c751e8b465ee728b)
Start importing Assets/Textures using Guid(5c0f41a2109fc414eb2a371420788b84) Importer(815301076,1909f56bfc062723c751e8b465ee728b)  -> (artifact id: 'e8b3d0a0b2f27a3d91edc9443a7467d7') in 0.064404 seconds
  Import took 0.103620 seconds .

========================================================================
Received Import Request.
  Time since last request: 21.444417 seconds.
  path: Assets/Textures/2019-09-08_051413.jpg
  artifactKey: Guid(93a1acb64b2054f4496e59fdc0675306) Importer(815301076,1909f56bfc062723c751e8b465ee728b)
Start importing Assets/Textures/2019-09-08_051413.jpg using Guid(93a1acb64b2054f4496e59fdc0675306) Importer(815301076,1909f56bfc062723c751e8b465ee728b)  -> (artifact id: 'aa17b45932bd313d41a214d1256d6830') in 0.345925 seconds
  Import took 0.371435 seconds .

========================================================================
Received Prepare
Registering precompiled user dll's ...
Registered in 0.004182 seconds.
Begin MonoManager ReloadAssembly
Native extension for WindowsStandalone target not found
Refreshing native plugins compatible for Editor in 0.39 ms, found 0 plugins.
Preloading 0 native plugins for Editor in 0.00 ms.
Invoked RoslynAnalysisRunner static constructor.
RoslynAnalysisRunner will not be running.
RoslynAnalysisRunner has terminated.
Mono: successfully reloaded assembly
- Completed reload, in  1.906 seconds
Platform modules already initialized, skipping
Refreshing native plugins compatible for Editor in 0.35 ms, found 0 plugins.
Preloading 0 native plugins for Editor in 0.00 ms.
Unloading 1120 Unused Serialized files (Serialized files now loaded: 0)
System memory in use before: 75.5 MB.
System memory in use after: 75.5 MB.

Unloading 5 unused Assets to reduce memory usage. Loaded Objects now: 1604.
Total: 2.734300 ms (FindLiveObjects: 0.246900 ms CreateObjectMapping: 0.124500 ms MarkObjects: 2.225300 ms  DeleteObjects: 0.135000 ms)

========================================================================
Received Import Request.
  Time since last request: 1225.331981 seconds.
  path: Assets/Textures/Без имени.png
  artifactKey: Guid(d40408cf1168145418f92f635b62757f) Importer(815301076,1909f56bfc062723c751e8b465ee728b)
Start importing Assets/Textures/Без имени.png using Guid(d40408cf1168145418f92f635b62757f) Importer(815301076,1909f56bfc062723c751e8b465ee728b)  -> (artifact id: '535a35bf7d2f94e873049ae6e30a7ff9') in 0.169210 seconds
  Import took 0.216261 seconds .

========================================================================
Received Import Request.
  Time since last request: 3825.292221 seconds.
  path: Assets/Scripts/HealthBar.cs
  artifactKey: Guid(83f63166632cd6246ba1e311f440cbed) Importer(815301076,1909f56bfc062723c751e8b465ee728b)
Start importing Assets/Scripts/HealthBar.cs using Guid(83f63166632cd6246ba1e311f440cbed) Importer(815301076,1909f56bfc062723c751e8b465ee728b)  -> (artifact id: 'be7d7f3f5c97522b4089bcb9df730302') in 0.017383 seconds
  Import took 0.096047 seconds .

========================================================================
Received Prepare
Registering precompiled user dll's ...
Registered in 0.001057 seconds.
Begin MonoManager ReloadAssembly
Native extension for WindowsStandalone target not found
Refreshing native plugins compatible for Editor in 0.33 ms, found 0 plugins.
Preloading 0 native plugins for Editor in 0.00 ms.
Invoked RoslynAnalysisRunner static constructor.
RoslynAnalysisRunner will not be running.
RoslynAnalysisRunner has terminated.
Mono: successfully reloaded assembly
- Completed reload, in  5.082 seconds
Platform modules already initialized, skipping
Refreshing native plugins compatible for Editor in 0.33 ms, found 0 plugins.
Preloading 0 native plugins for Editor in 0.00 ms.
Unloading 1121 Unused Serialized files (Serialized files now loaded: 0)
System memory in use before: 75.5 MB.
System memory in use after: 75.6 MB.

Unloading 5 unused Assets to reduce memory usage. Loaded Objects now: 1609.
Total: 3.042700 ms (FindLiveObjects: 0.194600 ms CreateObjectMapping: 0.063400 ms MarkObjects: 2.622600 ms  DeleteObjects: 0.158900 ms)

========================================================================
Received Import Request.
  Time since last request: 177.760691 seconds.
  path: Assets/Scripts/HealthBar.cs
  artifactKey: Guid(83f63166632cd6246ba1e311f440cbed) Importer(815301076,1909f56bfc062723c751e8b465ee728b)
Start importing Assets/Scripts/HealthBar.cs using Guid(83f63166632cd6246ba1e311f440cbed) Importer(815301076,1909f56bfc062723c751e8b465ee728b)  -> (artifact id: 'ecbaf00c14831225c261d4ced3711b94') in 0.014334 seconds
  Import took 0.071886 seconds .

========================================================================
Received Prepare
Registering precompiled user dll's ...
Registered in 0.001169 seconds.
Begin MonoManager ReloadAssembly
Native extension for WindowsStandalone target not found
Refreshing native plugins compatible for Editor in 0.31 ms, found 0 plugins.
Preloading 0 native plugins for Editor in 0.00 ms.
Invoked RoslynAnalysisRunner static constructor.
RoslynAnalysisRunner will not be running.
RoslynAnalysisRunner has terminated.
Mono: successfully reloaded assembly
- Completed reload, in  2.098 seconds
Platform modules already initialized, skipping
Refreshing native plugins compatible for Editor in 0.31 ms, found 0 plugins.
Preloading 0 native plugins for Editor in 0.00 ms.
Unloading 1121 Unused Serialized files (Serialized files now loaded: 0)
System memory in use before: 75.5 MB.
System memory in use after: 75.6 MB.

Unloading 5 unused Assets to reduce memory usage. Loaded Objects now: 1612.
Total: 3.570000 ms (FindLiveObjects: 0.739700 ms CreateObjectMapping: 0.142100 ms MarkObjects: 2.508800 ms  DeleteObjects: 0.176300 ms)

========================================================================
Received Import Request.
  Time since last request: 1395.580764 seconds.
  path: Assets/Textures/top_row.png
  artifactKey: Guid(a3c669f4618bcb9449dc9b1f9ae2a01c) Importer(815301076,1909f56bfc062723c751e8b465ee728b)
Start importing Assets/Textures/top_row.png using Guid(a3c669f4618bcb9449dc9b1f9ae2a01c) Importer(815301076,1909f56bfc062723c751e8b465ee728b)  -> (artifact id: 'eb7502b42af9fb84a018f588c0c79ad8') in 0.107345 seconds
  Import took 0.115722 seconds .

========================================================================
Received Prepare
Registering precompiled user dll's ...
Registered in 0.014833 seconds.
Begin MonoManager ReloadAssembly
Native extension for WindowsStandalone target not found
Refreshing native plugins compatible for Editor in 0.33 ms, found 0 plugins.
Preloading 0 native plugins for Editor in 0.00 ms.
Invoked RoslynAnalysisRunner static constructor.
RoslynAnalysisRunner will not be running.
RoslynAnalysisRunner has terminated.
Mono: successfully reloaded assembly
- Completed reload, in  2.887 seconds
Platform modules already initialized, skipping
Refreshing native plugins compatible for Editor in 0.35 ms, found 0 plugins.
Preloading 0 native plugins for Editor in 0.00 ms.
Unloading 1121 Unused Serialized files (Serialized files now loaded: 0)
System memory in use before: 75.5 MB.
System memory in use after: 75.6 MB.

Unloading 5 unused Assets to reduce memory usage. Loaded Objects now: 1616.
Total: 9.904000 ms (FindLiveObjects: 0.556200 ms CreateObjectMapping: 0.127300 ms MarkObjects: 9.042800 ms  DeleteObjects: 0.174100 ms)

========================================================================
Received Prepare
Registering precompiled user dll's ...
Registered in 0.008162 seconds.
Begin MonoManager ReloadAssembly
Native extension for WindowsStandalone target not found
Refreshing native plugins compatible for Editor in 0.30 ms, found 0 plugins.
Preloading 0 native plugins for Editor in 0.00 ms.
Invoked RoslynAnalysisRunner static constructor.
RoslynAnalysisRunner will not be running.
RoslynAnalysisRunner has terminated.
Mono: successfully reloaded assembly
- Completed reload, in  2.408 seconds
Platform modules already initialized, skipping
Refreshing native plugins compatible for Editor in 0.31 ms, found 0 plugins.
Preloading 0 native plugins for Editor in 0.00 ms.
Unloading 1121 Unused Serialized files (Serialized files now loaded: 0)
System memory in use before: 75.5 MB.
System memory in use after: 75.6 MB.

Unloading 5 unused Assets to reduce memory usage. Loaded Objects now: 1619.
Total: 4.167800 ms (FindLiveObjects: 0.216700 ms CreateObjectMapping: 0.119600 ms MarkObjects: 3.642100 ms  DeleteObjects: 0.186300 ms)

========================================================================
Received Prepare
Registering precompiled user dll's ...
Registered in 0.006268 seconds.
Begin MonoManager ReloadAssembly
Native extension for WindowsStandalone target not found
Refreshing native plugins compatible for Editor in 0.31 ms, found 0 plugins.
Preloading 0 native plugins for Editor in 0.00 ms.
Invoked RoslynAnalysisRunner static constructor.
RoslynAnalysisRunner will not be running.
RoslynAnalysisRunner has terminated.
Mono: successfully reloaded assembly
- Completed reload, in  1.900 seconds
Platform modules already initialized, skipping
Refreshing native plugins compatible for Editor in 0.31 ms, found 0 plugins.
Preloading 0 native plugins for Editor in 0.00 ms.
Unloading 1121 Unused Serialized files (Serialized files now loaded: 0)
System memory in use before: 75.6 MB.
System memory in use after: 75.6 MB.

Unloading 5 unused Assets to reduce memory usage. Loaded Objects now: 1622.
Total: 4.018200 ms (FindLiveObjects: 0.248400 ms CreateObjectMapping: 0.133700 ms MarkObjects: 3.521600 ms  DeleteObjects: 0.111200 ms)

========================================================================
Received Prepare
Registering precompiled user dll's ...
Registered in 0.002451 seconds.
Begin MonoManager ReloadAssembly
Native extension for WindowsStandalone target not found
Refreshing native plugins compatible for Editor in 0.35 ms, found 0 plugins.
Preloading 0 native plugins for Editor in 0.00 ms.
Invoked RoslynAnalysisRunner static constructor.
RoslynAnalysisRunner will not be running.
RoslynAnalysisRunner has terminated.
Mono: successfully reloaded assembly
- Completed reload, in  1.629 seconds
Platform modules already initialized, skipping
Refreshing native plugins compatible for Editor in 0.30 ms, found 0 plugins.
Preloading 0 native plugins for Editor in 0.00 ms.
Unloading 1121 Unused Serialized files (Serialized files now loaded: 0)
System memory in use before: 75.6 MB.
System memory in use after: 75.6 MB.

Unloading 5 unused Assets to reduce memory usage. Loaded Objects now: 1625.
Total: 3.285100 ms (FindLiveObjects: 0.186100 ms CreateObjectMapping: 0.061600 ms MarkObjects: 2.605000 ms  DeleteObjects: 0.429000 ms)

========================================================================
Received Prepare
Registering precompiled user dll's ...
Registered in 0.001319 seconds.
Begin MonoManager ReloadAssembly
Native extension for WindowsStandalone target not found
Refreshing native plugins compatible for Editor in 0.31 ms, found 0 plugins.
Preloading 0 native plugins for Editor in 0.00 ms.
Invoked RoslynAnalysisRunner static constructor.
RoslynAnalysisRunner will not be running.
RoslynAnalysisRunner has terminated.
Mono: successfully reloaded assembly
- Completed reload, in  2.214 seconds
Platform modules already initialized, skipping
Refreshing native plugins compatible for Editor in 0.32 ms, found 0 plugins.
Preloading 0 native plugins for Editor in 0.00 ms.
Unloading 1121 Unused Serialized files (Serialized files now loaded: 0)
System memory in use before: 75.6 MB.
System memory in use after: 75.6 MB.

Unloading 5 unused Assets to reduce memory usage. Loaded Objects now: 1628.
Total: 2.637300 ms (FindLiveObjects: 0.295400 ms CreateObjectMapping: 0.122300 ms MarkObjects: 2.117300 ms  DeleteObjects: 0.098600 ms)

