Using pre-set license
Built from '2020.2/staging' branch; Version is '2020.2.7f1 (c53830e277f1) revision 12924976'; Using compiler version '192528614'; Build Type 'Release'
OS: 'Windows 10 Home; OS build 19041.1110; Version 2004; 64bit' Language: 'ru' Physical Memory: 8134 MB
BatchMode: 1, IsHumanControllingUs: 0, StartBugReporterOnCrash: 0, Is64bit: 1, IsPro: 0

 COMMAND LINE ARGUMENTS:
E:\UnityHub\Unity Version\2019.4.22f1\2020.2.7f1\Editor\Unity.exe
-adb2
-batchMode
-noUpm
-name
AssetImportWorker0
-projectPath
E:/Unity Hub/Projects/CSharpUnity/HomeWorkLesson1
-logFile
Logs/AssetImportWorker0.log
-srvPort
50125
Successfully changed project path to: E:/Unity Hub/Projects/CSharpUnity/HomeWorkLesson1
E:/Unity Hub/Projects/CSharpUnity/HomeWorkLesson1
Using Asset Import Pipeline V2.
Refreshing native plugins compatible for Editor in 147.05 ms, found 0 plugins.
Preloading 0 native plugins for Editor in 0.00 ms.
Initialize engine version: 2020.2.7f1 (c53830e277f1)
[Subsystems] Discovering subsystems at path E:/UnityHub/Unity Version/2019.4.22f1/2020.2.7f1/Editor/Data/Resources/UnitySubsystems
[Subsystems] Discovering subsystems at path E:/Unity Hub/Projects/CSharpUnity/HomeWorkLesson1/Assets
GfxDevice: creating device client; threaded=0
Direct3D:
    Version:  Direct3D 11.0 [level 11.0]
    Renderer: NVIDIA GeForce GTX 750 (ID=0x1381)
    Vendor:   
    VRAM:     984 MB
    Driver:   27.21.14.5671
Initialize mono
Mono path[0] = 'E:/UnityHub/Unity Version/2019.4.22f1/2020.2.7f1/Editor/Data/Managed'
Mono path[1] = 'E:/UnityHub/Unity Version/2019.4.22f1/2020.2.7f1/Editor/Data/MonoBleedingEdge/lib/mono/unityjit'
Mono config path = 'E:/UnityHub/Unity Version/2019.4.22f1/2020.2.7f1/Editor/Data/MonoBleedingEdge/etc'
Using monoOptions --debugger-agent=transport=dt_socket,embedding=1,server=y,suspend=n,address=127.0.0.1:56736
Begin MonoManager ReloadAssembly
Registering precompiled unity dll's ...
Register platform support module: E:/UnityHub/Unity Version/2019.4.22f1/2020.2.7f1/Editor/Data/PlaybackEngines/WindowsStandaloneSupport/UnityEditor.WindowsStandalone.Extensions.dll
Registered in 0.011589 seconds.
Native extension for WindowsStandalone target not found
Refreshing native plugins compatible for Editor in 68.41 ms, found 0 plugins.
Preloading 0 native plugins for Editor in 0.00 ms.
Invoked RoslynAnalysisRunner static constructor.
RoslynAnalysisRunner will not be running.
RoslynAnalysisRunner has terminated.
Mono: successfully reloaded assembly
- Completed reload, in  4.045 seconds
Platform modules already initialized, skipping
Registering precompiled user dll's ...
Registered in 0.001190 seconds.
Begin MonoManager ReloadAssembly
Native extension for WindowsStandalone target not found
Refreshing native plugins compatible for Editor in 0.39 ms, found 0 plugins.
Preloading 0 native plugins for Editor in 0.00 ms.
Invoked RoslynAnalysisRunner static constructor.
RoslynAnalysisRunner will not be running.
RoslynAnalysisRunner has terminated.
Mono: successfully reloaded assembly
- Completed reload, in  3.103 seconds
Platform modules already initialized, skipping
========================================================================
Worker process is ready to serve import requests
Launched and connected shader compiler UnityShaderCompiler.exe after 0.15 seconds
Refreshing native plugins compatible for Editor in 3.04 ms, found 0 plugins.
Preloading 0 native plugins for Editor in 0.00 ms.
Unloading 1127 Unused Serialized files (Serialized files now loaded: 0)
System memory in use before: 75.0 MB.
System memory in use after: 75.0 MB.

Unloading 10 unused Assets to reduce memory usage. Loaded Objects now: 1593.
Total: 2.891500 ms (FindLiveObjects: 0.267300 ms CreateObjectMapping: 0.130800 ms MarkObjects: 2.250700 ms  DeleteObjects: 0.239500 ms)

========================================================================
Received Import Request.
  path: Assets/New Terrain.asset
  artifactKey: Guid(845878542dff2ff47bbea5f971391895) Importer(815301076,1909f56bfc062723c751e8b465ee728b)
Start importing Assets/New Terrain.asset using Guid(845878542dff2ff47bbea5f971391895) Importer(815301076,1909f56bfc062723c751e8b465ee728b)  -> (artifact id: '41058a5384d2a7aa6ce7e14bdcb6fba3') in 1.110190 seconds
  Import took 1.212506 seconds .

========================================================================
Received Import Request.
  Time since last request: 1437.164192 seconds.
  path: Assets/TerrainData_6f204b06-ec27-4684-ad41-f48095eed31d.asset
  artifactKey: Guid(a97f57a2b38fa2e4e856db52dbdd79ca) Importer(815301076,1909f56bfc062723c751e8b465ee728b)
Start importing Assets/TerrainData_6f204b06-ec27-4684-ad41-f48095eed31d.asset using Guid(a97f57a2b38fa2e4e856db52dbdd79ca) Importer(815301076,1909f56bfc062723c751e8b465ee728b)  -> (artifact id: 'b339bc720d6e84513812896412ff039d') in 0.076320 seconds
  Import took 0.100940 seconds .

========================================================================
Received Import Request.
  Time since last request: 1.995744 seconds.
  path: Assets/TerrainData_2413c50a-8eeb-43e3-a54f-199220c8baec.asset
  artifactKey: Guid(72d51fc1c11d8764c99c3b24816dc7cb) Importer(815301076,1909f56bfc062723c751e8b465ee728b)
Start importing Assets/TerrainData_2413c50a-8eeb-43e3-a54f-199220c8baec.asset using Guid(72d51fc1c11d8764c99c3b24816dc7cb) Importer(815301076,1909f56bfc062723c751e8b465ee728b)  -> (artifact id: '6fac3dad3fff9b8ecca8b2a5705d0043') in 0.078987 seconds
  Import took 0.206559 seconds .

========================================================================
Received Import Request.
  Time since last request: 0.509785 seconds.
  path: Assets/TerrainData_68c68c22-57a7-4f8d-adec-b8dbf4237c02.asset
  artifactKey: Guid(a8286ca63fc1c8c499713ebcb17717fd) Importer(815301076,1909f56bfc062723c751e8b465ee728b)
Start importing Assets/TerrainData_68c68c22-57a7-4f8d-adec-b8dbf4237c02.asset using Guid(a8286ca63fc1c8c499713ebcb17717fd) Importer(815301076,1909f56bfc062723c751e8b465ee728b)  -> (artifact id: '80b9a5a0d170a7f8d9e797819fa55fa0') in 0.097040 seconds
  Import took 0.182175 seconds .

========================================================================
Received Import Request.
  Time since last request: 0.427536 seconds.
  path: Assets/TerrainData_dcbfafad-0bea-4c94-987e-b85cf09b0ba1.asset
  artifactKey: Guid(bee61ea99e3f6ec4099113f0805b6ff7) Importer(815301076,1909f56bfc062723c751e8b465ee728b)
Start importing Assets/TerrainData_dcbfafad-0bea-4c94-987e-b85cf09b0ba1.asset using Guid(bee61ea99e3f6ec4099113f0805b6ff7) Importer(815301076,1909f56bfc062723c751e8b465ee728b)  -> (artifact id: '644e2b323bfa3ac066281fbc8098902b') in 0.260510 seconds
  Import took 0.282619 seconds .

========================================================================
Received Import Request.
  Time since last request: 0.459724 seconds.
  path: Assets/TerrainData_c82ba776-259e-4e16-a1a5-21c7903a898d.asset
  artifactKey: Guid(977c021bd4d5cc5478f60f3ab5bedd81) Importer(815301076,1909f56bfc062723c751e8b465ee728b)
Start importing Assets/TerrainData_c82ba776-259e-4e16-a1a5-21c7903a898d.asset using Guid(977c021bd4d5cc5478f60f3ab5bedd81) Importer(815301076,1909f56bfc062723c751e8b465ee728b)  -> (artifact id: '6b5fc834530958f7ef21cf295c52dafe') in 0.600686 seconds
  Import took 0.690430 seconds .

========================================================================
Received Import Request.
  Time since last request: 0.749525 seconds.
  path: Assets/TerrainData_c55cc257-ca05-4399-aa5d-a7a80ed2f5f1.asset
  artifactKey: Guid(2f9ac15448f223944995ef0acb4fd4ea) Importer(815301076,1909f56bfc062723c751e8b465ee728b)
Start importing Assets/TerrainData_c55cc257-ca05-4399-aa5d-a7a80ed2f5f1.asset using Guid(2f9ac15448f223944995ef0acb4fd4ea) Importer(815301076,1909f56bfc062723c751e8b465ee728b)  -> (artifact id: '00f4cb1983254868457e36e6046e7a14') in 0.043273 seconds
  Import took 0.068925 seconds .

========================================================================
Received Import Request.
  Time since last request: 0.401724 seconds.
  path: Assets/TerrainData_3ff77225-35c8-4e87-9e39-ab79a34175a5.asset
  artifactKey: Guid(c7668ca7dd6529a45a71546a96532e28) Importer(815301076,1909f56bfc062723c751e8b465ee728b)
Start importing Assets/TerrainData_3ff77225-35c8-4e87-9e39-ab79a34175a5.asset using Guid(c7668ca7dd6529a45a71546a96532e28) Importer(815301076,1909f56bfc062723c751e8b465ee728b)  -> (artifact id: '5c02a32839f424945624e4e087ce7156') in 0.191815 seconds
  Import took 0.199963 seconds .

========================================================================
Received Import Request.
  Time since last request: 0.350407 seconds.
  path: Assets/TerrainData_afd12769-975f-45cb-b48a-c65f87dc1721.asset
  artifactKey: Guid(9d909411841c4c2439d6f5cc140d381f) Importer(815301076,1909f56bfc062723c751e8b465ee728b)
Start importing Assets/TerrainData_afd12769-975f-45cb-b48a-c65f87dc1721.asset using Guid(9d909411841c4c2439d6f5cc140d381f) Importer(815301076,1909f56bfc062723c751e8b465ee728b)  -> (artifact id: '0574416b6a2153476d2200ea81851947') in 0.029313 seconds
  Import took 0.039672 seconds .

========================================================================
Received Import Request.
  Time since last request: 196.153423 seconds.
  path: Assets/Scripts
  artifactKey: Guid(fe5f52466b3852642a67c9a2653f4c3c) Importer(815301076,1909f56bfc062723c751e8b465ee728b)
Start importing Assets/Scripts using Guid(fe5f52466b3852642a67c9a2653f4c3c) Importer(815301076,1909f56bfc062723c751e8b465ee728b)  -> (artifact id: '74910af839c16ba16bcc85747495feb1') in 0.010132 seconds
  Import took 0.037000 seconds .

========================================================================
Received Import Request.
  Time since last request: 21.588041 seconds.
  path: Assets/Scripts/NewBehaviourScript.cs
  artifactKey: Guid(18db0c664281b3244b3e4d0d1a895a80) Importer(815301076,1909f56bfc062723c751e8b465ee728b)
Start importing Assets/Scripts/NewBehaviourScript.cs using Guid(18db0c664281b3244b3e4d0d1a895a80) Importer(815301076,1909f56bfc062723c751e8b465ee728b)  -> (artifact id: '62295074b054cb0e8280ae6d4cb5bc71') in 1.199649 seconds
  Import took 1.360474 seconds .

========================================================================
Received Prepare
Registering precompiled user dll's ...
Registered in 0.001195 seconds.
Begin MonoManager ReloadAssembly
Native extension for WindowsStandalone target not found
Refreshing native plugins compatible for Editor in 0.95 ms, found 0 plugins.
Preloading 0 native plugins for Editor in 0.00 ms.
Invoked RoslynAnalysisRunner static constructor.
RoslynAnalysisRunner will not be running.
RoslynAnalysisRunner has terminated.
Mono: successfully reloaded assembly
- Completed reload, in  1.740 seconds
Platform modules already initialized, skipping
Refreshing native plugins compatible for Editor in 0.35 ms, found 0 plugins.
Preloading 0 native plugins for Editor in 0.00 ms.
Unloading 1118 Unused Serialized files (Serialized files now loaded: 0)
System memory in use before: 74.7 MB.
System memory in use after: 74.7 MB.

Unloading 5 unused Assets to reduce memory usage. Loaded Objects now: 1598.
Total: 3.036100 ms (FindLiveObjects: 0.329000 ms CreateObjectMapping: 0.134500 ms MarkObjects: 2.464000 ms  DeleteObjects: 0.105500 ms)

========================================================================
Received Import Request.
  Time since last request: 37.727952 seconds.
  path: Assets/Scripts/Test.cs
  artifactKey: Guid(126d2ccc827e7984bbd838d15458b7d6) Importer(815301076,1909f56bfc062723c751e8b465ee728b)
Start importing Assets/Scripts/Test.cs using Guid(126d2ccc827e7984bbd838d15458b7d6) Importer(815301076,1909f56bfc062723c751e8b465ee728b)  -> (artifact id: '195bfe4d222040af395783d5573783ee') in 0.023861 seconds
  Import took 0.047172 seconds .

========================================================================
Received Prepare
Registering precompiled user dll's ...
Registered in 0.002319 seconds.
Begin MonoManager ReloadAssembly
Native extension for WindowsStandalone target not found
Refreshing native plugins compatible for Editor in 0.36 ms, found 0 plugins.
Preloading 0 native plugins for Editor in 0.00 ms.
Invoked RoslynAnalysisRunner static constructor.
RoslynAnalysisRunner will not be running.
RoslynAnalysisRunner has terminated.
Mono: successfully reloaded assembly
- Completed reload, in  2.554 seconds
Platform modules already initialized, skipping
Refreshing native plugins compatible for Editor in 0.34 ms, found 0 plugins.
Preloading 0 native plugins for Editor in 0.00 ms.
Unloading 1119 Unused Serialized files (Serialized files now loaded: 0)
System memory in use before: 74.7 MB.
System memory in use after: 74.8 MB.

Unloading 5 unused Assets to reduce memory usage. Loaded Objects now: 1602.
Total: 3.766500 ms (FindLiveObjects: 0.274800 ms CreateObjectMapping: 1.114000 ms MarkObjects: 2.274200 ms  DeleteObjects: 0.099800 ms)

